Arguments: 
  C:\Program Files\nodejs\node.exe C:\Users\User\AppData\Roaming\npm\node_modules\yarn\bin\yarn.js install

PATH: 
  C:\Program Files\PowerShell\7;C:\Program Files (x86)\NVIDIA Corporation\PhysX\Common;C:\Windows\system32;C:\Windows;C:\Windows\System32\Wbem;C:\Windows\System32\WindowsPowerShell\v1.0\;C:\Windows\System32\OpenSSH\;C:\Program Files (x86)\PowerShell\7\;C:\Program Files\PowerShell\7\;C:\Program Files\Git\cmd;C:\Users\User\AppData\Roaming\nvm;C:\Program Files\nodejs;C:\Program Files (x86)\dotnet\;C:\Users\User\AppData\Local\Programs\Python\Python39\Scripts\;C:\Users\User\AppData\Local\Programs\Python\Python39\;C:\Users\User\AppData\Local\Microsoft\WindowsApps;C:\Users\User\AppData\Local\GitHubDesktop\bin;C:\Users\User\AppData\Roaming\npm;C:\Users\User\AppData\Local\Programs\Microsoft VS Code\bin;C:\Program Files\heroku\bin;C:\Users\User\AppData\Roaming\nvm;C:\Program Files\nodejs

Yarn version: 
  1.22.11

Node version: 
  14.17.3

Platform: 
  win32 x64

Trace: 
  Error: 19348:error:1408F119:SSL routines:ssl3_get_record:decryption failed or bad record mac:c:\ws\deps\openssl\openssl\ssl\record\ssl3_record.c:677:

npm manifest: 
  {
    "name": "projetofinal_back",
    "version": "1.0.0",
    "description": "",
    "main": "index.js",
    "scripts": {
      "test": "echo \"Error: no test specified\" && exit 1"
    },
    "keywords": [],
    "author": "",
    "license": "ISC",
    "dependencies": {
      "epxress": "0.0.1-security",
      "mongoose": "^5.13.8"
    },
    "devDependencies": {
      "nodemon": "^2.0.12"
    }
  }

yarn manifest: 
  No manifest

Lockfile: 
  No lockfile
